<?xml version="1.0" encoding="UTF-8"?>
<testsuite xmlns:xsi="http://www.w3.org/2001/XMLSchema-instance" xsi:noNamespaceSchemaLocation="https://maven.apache.org/surefire/maven-surefire-plugin/xsd/surefire-test-report.xsd" version="3.0.2" name="com.isi.dev.tpparametrage.TpParametrageApplicationTests" time="26.136" tests="1" errors="0" skipped="0" failures="0">
  <properties>
[...]
</properties>
  <testcase name="contextLoads" classname="com.isi.dev.tpparametrage.TpParametrageApplicationTests" time="0.051">
    <system-out><![CDATA[2025-02-23 16:48:34.860 INFO  [admin-app,,] 4000 --- [           main] t.c.s.AnnotationConfigContextLoaderUtils : Could not detect default configuration classes for test class [com.isi.dev.tpparametrage.TpParametrageApplicationTests]: TpParametrageApplicationTests does not declare any static, non-private, non-final, nested classes annotated with @Configuration.
2025-02-23 16:48:35.170 INFO  [admin-app,,] 4000 --- [           main] .b.t.c.SpringBootTestContextBootstrapper : Found @SpringBootConfiguration com.isi.dev.tpparametrage.TpParametrageApplication for test class com.isi.dev.tpparametrage.TpParametrageApplicationTests

  .   ____          _            __ _ _
 /\\ / ___'_ __ _ _(_)_ __  __ _ \ \ \ \
( ( )\___ | '_ | '_| | '_ \/ _` | \ \ \ \
 \\/  ___)| |_)| | | | | || (_| |  ) ) ) )
  '  |____| .__|_| |_|_| |_\__, | / / / /
 =========|_|==============|___/=/_/_/_/

 :: Spring Boot ::                (v3.4.3)

2025-02-23 16:48:36.486 INFO  [admin-app,,] 4000 --- [kground-preinit] o.h.v.i.u.Version                        : HV000001: Hibernate Validator 8.0.2.Final
2025-02-23 16:48:36.593 INFO  [admin-app,,] 4000 --- [           main] c.i.d.t.TpParametrageApplicationTests    : Starting TpParametrageApplicationTests using Java 17.0.12 with PID 4000 (started by LENOVO in D:\MASTER_II_GL\JEE\EXAMEN\tp-parametrage)
2025-02-23 16:48:36.610 INFO  [admin-app,,] 4000 --- [           main] c.i.d.t.TpParametrageApplicationTests    : No active profile set, falling back to 1 default profile: "default"
2025-02-23 16:48:36.715 DEBUG [admin-app,,] 4000 --- [           main] o.s.w.c.s.GenericWebApplicationContext   : Refreshing org.springframework.web.context.support.GenericWebApplicationContext@25de8898
2025-02-23 16:48:40.053 INFO  [admin-app,,] 4000 --- [           main] .s.d.r.c.RepositoryConfigurationDelegate : Bootstrapping Spring Data JPA repositories in DEFAULT mode.
2025-02-23 16:48:40.227 INFO  [admin-app,,] 4000 --- [           main] .s.d.r.c.RepositoryConfigurationDelegate : Finished Spring Data repository scanning in 146 ms. Found 5 JPA repository interfaces.
2025-02-23 16:48:42.216 INFO  [admin-app,,] 4000 --- [           main] o.h.j.i.u.LogHelper                      : HHH000204: Processing PersistenceUnitInfo [name: default]
2025-02-23 16:48:42.397 INFO  [admin-app,,] 4000 --- [           main] o.h.Version                              : HHH000412: Hibernate ORM core version 6.6.8.Final
2025-02-23 16:48:42.531 INFO  [admin-app,,] 4000 --- [           main] o.h.c.i.RegionFactoryInitiator           : HHH000026: Second-level cache disabled
2025-02-23 16:48:42.838 INFO  [admin-app,,] 4000 --- [           main] o.s.o.j.p.SpringPersistenceUnitInfo      : No LoadTimeWeaver setup: ignoring JPA class transformer
2025-02-23 16:48:42.938 INFO  [admin-app,,] 4000 --- [           main] c.z.h.HikariDataSource                   : HikariPool-1 - Starting...
2025-02-23 16:48:43.401 INFO  [admin-app,,] 4000 --- [           main] c.z.h.p.HikariPool                       : HikariPool-1 - Added connection org.postgresql.jdbc.PgConnection@6dcdc378
2025-02-23 16:48:43.406 INFO  [admin-app,,] 4000 --- [           main] c.z.h.HikariDataSource                   : HikariPool-1 - Start completed.
2025-02-23 16:48:43.579 WARN  [admin-app,,] 4000 --- [           main] o.h.o.deprecation                        : HHH90000025: PostgreSQLDialect does not need to be specified explicitly using 'hibernate.dialect' (remove the property setting and it will be selected by default)
2025-02-23 16:48:43.797 INFO  [admin-app,,] 4000 --- [           main] o.h.o.c.pooling                          : HHH10001005: Database info:
	Database JDBC URL [Connecting through datasource 'HikariDataSource (HikariPool-1)']
	Database driver: undefined/unknown
	Database version: 17.4
	Autocommit mode: undefined/unknown
	Isolation level: undefined/unknown
	Minimum pool size: undefined/unknown
	Maximum pool size: undefined/unknown
2025-02-23 16:48:46.675 INFO  [admin-app,,] 4000 --- [           main] o.h.e.t.j.p.i.JtaPlatformInitiator       : HHH000489: No JTA platform available (set 'hibernate.transaction.jta.platform' to enable JTA platform integration)
2025-02-23 16:48:47.554 INFO  [admin-app,,] 4000 --- [           main] j.LocalContainerEntityManagerFactoryBean : Initialized JPA EntityManagerFactory for persistence unit 'default'
2025-02-23 16:48:50.788 WARN  [admin-app,,] 4000 --- [           main] JpaBaseConfiguration$JpaWebConfiguration : spring.jpa.open-in-view is enabled by default. Therefore, database queries may be performed during view rendering. Explicitly configure spring.jpa.open-in-view to disable this warning
2025-02-23 16:48:51.356 DEBUG [admin-app,,] 4000 --- [           main] s.w.s.m.m.a.RequestMappingHandlerMapping : 32 mappings in 'requestMappingHandlerMapping'
2025-02-23 16:48:52.905 DEBUG [admin-app,,] 4000 --- [           main] o.s.w.s.h.SimpleUrlHandlerMapping        : Patterns [/webjars/**, /**, /swagger-ui*/*swagger-initializer.js, /swagger-ui*/**] in 'resourceHandlerMapping'
2025-02-23 16:48:53.183 DEBUG [admin-app,,] 4000 --- [           main] s.w.s.m.m.a.RequestMappingHandlerAdapter : ControllerAdvice beans: 0 @ModelAttribute, 0 @InitBinder, 1 RequestBodyAdvice, 1 ResponseBodyAdvice
2025-02-23 16:48:53.560 DEBUG [admin-app,,] 4000 --- [           main] .m.m.a.ExceptionHandlerExceptionResolver : ControllerAdvice beans: 2 @ExceptionHandler, 1 ResponseBodyAdvice
2025-02-23 16:48:57.995 INFO  [admin-app,,] 4000 --- [           main] o.s.b.a.e.w.EndpointLinksResolver        : Exposing 1 endpoint beneath base path '/actuator'
2025-02-23 16:48:58.325 INFO  [admin-app,,] 4000 --- [           main] c.i.d.t.TpParametrageApplicationTests    : Started TpParametrageApplicationTests in 22.747 seconds (process running for 32.728)
]]></system-out>
  </testcase>
</testsuite>