<?xml version="1.0" encoding="UTF-8"?>
<testsuite xmlns:xsi="http://www.w3.org/2001/XMLSchema-instance" xsi:noNamespaceSchemaLocation="https://maven.apache.org/surefire/maven-surefire-plugin/xsd/surefire-test-report.xsd" version="3.0.2" name="com.isi.dev.tpparametrage.program.ProgramServiceImplTest" time="0.241" tests="9" errors="0" skipped="0" failures="0">
  <properties>
[...]
</properties>
  <testcase name="testUpdateProgram_ThrowsEntityNotFoundException" classname="com.isi.dev.tpparametrage.program.ProgramServiceImplTest" time="0.173"/>
  <testcase name="testAddProgram_ThrowsEntityExistsException" classname="com.isi.dev.tpparametrage.program.ProgramServiceImplTest" time="0.008"/>
  <testcase name="testUpdateProgram_Success" classname="com.isi.dev.tpparametrage.program.ProgramServiceImplTest" time="0.006"/>
  <testcase name="testGetProgram_ThrowsEntityNotFoundException" classname="com.isi.dev.tpparametrage.program.ProgramServiceImplTest" time="0.007"/>
  <testcase name="testDeleteProgramById_ThrowsEntityNotFoundException" classname="com.isi.dev.tpparametrage.program.ProgramServiceImplTest" time="0.007"/>
  <testcase name="testGetAllPrograms" classname="com.isi.dev.tpparametrage.program.ProgramServiceImplTest" time="0.006"/>
  <testcase name="testAddProgram_Success" classname="com.isi.dev.tpparametrage.program.ProgramServiceImplTest" time="0.008"/>
  <testcase name="testGetProgram_Success" classname="com.isi.dev.tpparametrage.program.ProgramServiceImplTest" time="0.005"/>
  <testcase name="testDeleteProgramById_Success" classname="com.isi.dev.tpparametrage.program.ProgramServiceImplTest" time="0.006"/>
</testsuite>